# JRE version: OpenJDK Runtime Environment (11.0.4+11) (build 11.0.4+11-post-Ubuntu-1ubuntu218.04.3)
# Java VM: OpenJDK 64-Bit Server VM (11.0.4+11-post-Ubuntu-1ubuntu218.04.3, mixed mode, tiered, compressed oops, g1 gc, linux-amd64)
Heap:
 garbage-first heap   total 700416K, used 4707K [0x0000000085600000, 0x0000000100000000)
  region size 1024K, 5 young (5120K), 5 survivors (5120K)
 Metaspace       used 6471K, capacity 6631K, committed 6784K, reserved 1056768K
  class space    used 545K, capacity 610K, committed 640K, reserved 1048576K
GC Heap History (10 events):
Event: 1.577 GC heap after
{Heap after GC invocations=8 (full 0):
 garbage-first heap   total 181248K, used 4287K [0x0000000085600000, 0x0000000100000000)
  region size 1024K, 5 young (5120K), 5 survivors (5120K)
 Metaspace       used 6466K, capacity 6631K, committed 6784K, reserved 1056768K
  class space    used 545K, capacity 610K, committed 640K, reserved 1048576K
}
Event: 1.727 GC heap before
{Heap before GC invocations=8 (full 0):
 garbage-first heap   total 181248K, used 107711K [0x0000000085600000, 0x0000000100000000)
  region size 1024K, 106 young (108544K), 5 survivors (5120K)
 Metaspace       used 6466K, capacity 6631K, committed 6784K, reserved 1056768K
  class space    used 545K, capacity 610K, committed 640K, reserved 1048576K
}
Event: 1.732 GC heap after
{Heap after GC invocations=9 (full 0):
 garbage-first heap   total 233472K, used 4096K [0x0000000085600000, 0x0000000100000000)
  region size 1024K, 4 young (4096K), 4 survivors (4096K)
 Metaspace       used 6466K, capacity 6631K, committed 6784K, reserved 1056768K
  class space    used 545K, capacity 610K, committed 640K, reserved 1048576K
}
Event: 2.002 GC heap before
{Heap before GC invocations=9 (full 0):
 garbage-first heap   total 233472K, used 139264K [0x0000000085600000, 0x0000000100000000)
  region size 1024K, 136 young (139264K), 4 survivors (4096K)
 Metaspace       used 6470K, capacity 6631K, committed 6784K, reserved 1056768K
  class space    used 545K, capacity 610K, committed 640K, reserved 1048576K
}
Event: 2.006 GC heap after
{Heap after GC invocations=10 (full 0):
 garbage-first heap   total 233472K, used 4293K [0x0000000085600000, 0x0000000100000000)
  region size 1024K, 5 young (5120K), 5 survivors (5120K)
 Metaspace       used 6470K, capacity 6631K, committed 6784K, reserved 1056768K
  class space    used 545K, capacity 610K, committed 640K, reserved 1048576K
}
Event: 2.205 GC heap before
{Heap before GC invocations=10 (full 0):
 garbage-first heap   total 233472K, used 138437K [0x0000000085600000, 0x0000000100000000)
  region size 1024K, 136 young (139264K), 5 survivors (5120K)
 Metaspace       used 6470K, capacity 6631K, committed 6784K, reserved 1056768K
  class space    used 545K, capacity 610K, committed 640K, reserved 1048576K
}
Event: 2.214 GC heap after
{Heap after GC invocations=11 (full 0):
 garbage-first heap   total 233472K, used 4294K [0x0000000085600000, 0x0000000100000000)
  region size 1024K, 5 young (5120K), 5 survivors (5120K)
 Metaspace       used 6470K, capacity 6631K, committed 6784K, reserved 1056768K
  class space    used 545K, capacity 610K, committed 640K, reserved 1048576K
}
Event: 2.665 GC heap before
{Heap before GC invocations=11 (full 0):
 garbage-first heap   total 233472K, used 138438K [0x0000000085600000, 0x0000000100000000)
  region size 1024K, 136 young (139264K), 5 survivors (5120K)
 Metaspace       used 6471K, capacity 6631K, committed 6784K, reserved 1056768K
  class space    used 545K, capacity 610K, committed 640K, reserved 1048576K
}
Event: 3.086 GC heap after
{Heap after GC invocations=12 (full 0):
 garbage-first heap   total 233472K, used 4495K [0x0000000085600000, 0x0000000100000000)
  region size 1024K, 5 young (5120K), 5 survivors (5120K)
 Metaspace       used 6471K, capacity 6631K, committed 6784K, reserved 1056768K
  class space    used 545K, capacity 610K, committed 640K, reserved 1048576K
}
Event: 4.089 GC heap before
{Heap before GC invocations=12 (full 0):
 garbage-first heap   total 233472K, used 138639K [0x0000000085600000, 0x0000000100000000)
  region size 1024K, 136 young (139264K), 5 survivors (5120K)
 Metaspace       used 6471K, capacity 6631K, committed 6784K, reserved 1056768K
  class space    used 545K, capacity 610K, committed 640K, reserved 1048576K
}

