# JRE version: OpenJDK Runtime Environment (11.0.4+11) (build 11.0.4+11-post-Ubuntu-1ubuntu218.04.3)
# Java VM: OpenJDK 64-Bit Server VM (11.0.4+11-post-Ubuntu-1ubuntu218.04.3, mixed mode, tiered, compressed oops, g1 gc, linux-amd64)
Heap:
 garbage-first heap   total 808960K, used 467427K [0x0000000085600000, 0x0000000100000000)
  region size 1024K, 11 young (11264K), 11 survivors (11264K)
 Metaspace       used 6550K, capacity 6724K, committed 6784K, reserved 1056768K
  class space    used 554K, capacity 625K, committed 640K, reserved 1048576K
GC Heap History (10 events):
Event: 103.823 GC heap after
{Heap after GC invocations=120 (full 0):
 garbage-first heap   total 671744K, used 430733K [0x0000000085600000, 0x0000000100000000)
  region size 1024K, 11 young (11264K), 11 survivors (11264K)
 Metaspace       used 6550K, capacity 6724K, committed 6784K, reserved 1056768K
  class space    used 554K, capacity 625K, committed 640K, reserved 1048576K
}
Event: 105.214 GC heap before
{Heap before GC invocations=120 (full 0):
 garbage-first heap   total 671744K, used 515725K [0x0000000085600000, 0x0000000100000000)
  region size 1024K, 94 young (96256K), 11 survivors (11264K)
 Metaspace       used 6550K, capacity 6724K, committed 6784K, reserved 1056768K
  class space    used 554K, capacity 625K, committed 640K, reserved 1048576K
}
Event: 105.238 GC heap after
{Heap after GC invocations=121 (full 0):
 garbage-first heap   total 671744K, used 437492K [0x0000000085600000, 0x0000000100000000)
  region size 1024K, 10 young (10240K), 10 survivors (10240K)
 Metaspace       used 6550K, capacity 6724K, committed 6784K, reserved 1056768K
  class space    used 554K, capacity 625K, committed 640K, reserved 1048576K
}
Event: 106.647 GC heap before
{Heap before GC invocations=121 (full 0):
 garbage-first heap   total 671744K, used 525556K [0x0000000085600000, 0x0000000100000000)
  region size 1024K, 96 young (98304K), 10 survivors (10240K)
 Metaspace       used 6550K, capacity 6724K, committed 6784K, reserved 1056768K
  class space    used 554K, capacity 625K, committed 640K, reserved 1048576K
}
Event: 106.674 GC heap after
{Heap after GC invocations=122 (full 0):
 garbage-first heap   total 671744K, used 444368K [0x0000000085600000, 0x0000000100000000)
  region size 1024K, 10 young (10240K), 10 survivors (10240K)
 Metaspace       used 6550K, capacity 6724K, committed 6784K, reserved 1056768K
  class space    used 554K, capacity 625K, committed 640K, reserved 1048576K
}
Event: 108.100 GC heap before
{Heap before GC invocations=122 (full 0):
 garbage-first heap   total 671744K, used 535504K [0x0000000085600000, 0x0000000100000000)
  region size 1024K, 99 young (101376K), 10 survivors (10240K)
 Metaspace       used 6550K, capacity 6724K, committed 6784K, reserved 1056768K
  class space    used 554K, capacity 625K, committed 640K, reserved 1048576K
}
Event: 108.125 GC heap after
{Heap after GC invocations=123 (full 0):
 garbage-first heap   total 671744K, used 451911K [0x0000000085600000, 0x0000000100000000)
  region size 1024K, 10 young (10240K), 10 survivors (10240K)
 Metaspace       used 6550K, capacity 6724K, committed 6784K, reserved 1056768K
  class space    used 554K, capacity 625K, committed 640K, reserved 1048576K
}
Event: 109.532 GC heap before
{Heap before GC invocations=123 (full 0):
 garbage-first heap   total 671744K, used 544071K [0x0000000085600000, 0x0000000100000000)
  region size 1024K, 100 young (102400K), 10 survivors (10240K)
 Metaspace       used 6550K, capacity 6724K, committed 6784K, reserved 1056768K
  class space    used 554K, capacity 625K, committed 640K, reserved 1048576K
}
Event: 109.614 GC heap after
{Heap after GC invocations=124 (full 0):
 garbage-first heap   total 671744K, used 459410K [0x0000000085600000, 0x0000000100000000)
  region size 1024K, 10 young (10240K), 10 survivors (10240K)
 Metaspace       used 6550K, capacity 6724K, committed 6784K, reserved 1056768K
  class space    used 554K, capacity 625K, committed 640K, reserved 1048576K
}
Event: 111.071 GC heap before
{Heap before GC invocations=124 (full 0):
 garbage-first heap   total 671744K, used 551570K [0x0000000085600000, 0x0000000100000000)
  region size 1024K, 100 young (102400K), 10 survivors (10240K)
 Metaspace       used 6550K, capacity 6724K, committed 6784K, reserved 1056768K
  class space    used 554K, capacity 625K, committed 640K, reserved 1048576K
}

