# JRE version: OpenJDK Runtime Environment (11.0.4+11) (build 11.0.4+11-post-Ubuntu-1ubuntu218.04.3)
# Java VM: OpenJDK 64-Bit Server VM (11.0.4+11-post-Ubuntu-1ubuntu218.04.3, mixed mode, tiered, compressed oops, g1 gc, linux-amd64)
Heap:
 garbage-first heap   total 380928K, used 4800K [0x0000000085600000, 0x0000000100000000)
  region size 1024K, 1 young (1024K), 1 survivors (1024K)
 Metaspace       used 6454K, capacity 6631K, committed 6784K, reserved 1056768K
  class space    used 545K, capacity 610K, committed 640K, reserved 1048576K
GC Heap History (9 events):
Event: 0.171 GC heap before
{Heap before GC invocations=0 (full 0):
 garbage-first heap   total 126976K, used 14336K [0x0000000085600000, 0x0000000100000000)
  region size 1024K, 14 young (14336K), 0 survivors (0K)
 Metaspace       used 5101K, capacity 5172K, committed 5376K, reserved 1056768K
  class space    used 440K, capacity 463K, committed 512K, reserved 1048576K
}
Event: 0.174 GC heap after
{Heap after GC invocations=1 (full 0):
 garbage-first heap   total 126976K, used 1241K [0x0000000085600000, 0x0000000100000000)
  region size 1024K, 2 young (2048K), 2 survivors (2048K)
 Metaspace       used 5101K, capacity 5172K, committed 5376K, reserved 1056768K
  class space    used 440K, capacity 463K, committed 512K, reserved 1048576K
}
Event: 0.459 GC heap before
{Heap before GC invocations=1 (full 0):
 garbage-first heap   total 126976K, used 74969K [0x0000000085600000, 0x0000000100000000)
  region size 1024K, 74 young (75776K), 2 survivors (2048K)
 Metaspace       used 6335K, capacity 6449K, committed 6528K, reserved 1056768K
  class space    used 531K, capacity 591K, committed 640K, reserved 1048576K
}
Event: 0.465 GC heap after
{Heap after GC invocations=2 (full 0):
 garbage-first heap   total 126976K, used 3598K [0x0000000085600000, 0x0000000100000000)
  region size 1024K, 4 young (4096K), 4 survivors (4096K)
 Metaspace       used 6335K, capacity 6449K, committed 6528K, reserved 1056768K
  class space    used 531K, capacity 591K, committed 640K, reserved 1048576K
}
Event: 0.633 GC heap before
{Heap before GC invocations=2 (full 0):
 garbage-first heap   total 126976K, used 75278K [0x0000000085600000, 0x0000000100000000)
  region size 1024K, 74 young (75776K), 4 survivors (4096K)
 Metaspace       used 6348K, capacity 6513K, committed 6784K, reserved 1056768K
  class space    used 531K, capacity 591K, committed 640K, reserved 1048576K
}
Event: 0.643 GC heap after
{Heap after GC invocations=3 (full 0):
 garbage-first heap   total 126976K, used 4096K [0x0000000085600000, 0x0000000100000000)
  region size 1024K, 4 young (4096K), 4 survivors (4096K)
 Metaspace       used 6348K, capacity 6513K, committed 6784K, reserved 1056768K
  class space    used 531K, capacity 591K, committed 640K, reserved 1048576K
}
Event: 1.043 GC heap before
{Heap before GC invocations=3 (full 0):
 garbage-first heap   total 126976K, used 75776K [0x0000000085600000, 0x0000000100000000)
  region size 1024K, 74 young (75776K), 4 survivors (4096K)
 Metaspace       used 6454K, capacity 6631K, committed 6784K, reserved 1056768K
  class space    used 545K, capacity 610K, committed 640K, reserved 1048576K
}
Event: 9.622 GC heap after
{Heap after GC invocations=4 (full 0):
 garbage-first heap   total 126976K, used 4448K [0x0000000085600000, 0x0000000100000000)
  region size 1024K, 5 young (5120K), 5 survivors (5120K)
 Metaspace       used 6454K, capacity 6631K, committed 6784K, reserved 1056768K
  class space    used 545K, capacity 610K, committed 640K, reserved 1048576K
}
Event: 9.714 GC heap before
{Heap before GC invocations=4 (full 0):
 garbage-first heap   total 126976K, used 5472K [0x0000000085600000, 0x0000000100000000)
  region size 1024K, 6 young (6144K), 5 survivors (5120K)
 Metaspace       used 6454K, capacity 6631K, committed 6784K, reserved 1056768K
  class space    used 545K, capacity 610K, committed 640K, reserved 1048576K
}

