# JRE version: OpenJDK Runtime Environment (11.0.5+10) (build 11.0.5+10-post-Ubuntu-0ubuntu1.118.04)
# Java VM: OpenJDK 64-Bit Server VM (11.0.5+10-post-Ubuntu-0ubuntu1.118.04, mixed mode, sharing, tiered, compressed oops, g1 gc, linux-amd64)
Heap:
 garbage-first heap   total 551936K, used 209649K [0x0000000085600000, 0x0000000100000000)
  region size 1024K, 3 young (3072K), 3 survivors (3072K)
 Metaspace       used 1335K, capacity 4970K, committed 5120K, reserved 1056768K
  class space    used 106K, capacity 501K, committed 512K, reserved 1048576K
GC Heap History (20 events):
Event: 155.429 GC heap after
{Heap after GC invocations=31 (full 0):
 garbage-first heap   total 416768K, used 190604K [0x0000000085600000, 0x0000000100000000)
  region size 1024K, 3 young (3072K), 3 survivors (3072K)
 Metaspace       used 1332K, capacity 4970K, committed 5120K, reserved 1056768K
  class space    used 106K, capacity 501K, committed 512K, reserved 1048576K
}
Event: 155.860 GC heap before
{Heap before GC invocations=31 (full 0):
 garbage-first heap   total 416768K, used 208012K [0x0000000085600000, 0x0000000100000000)
  region size 1024K, 20 young (20480K), 3 survivors (3072K)
 Metaspace       used 1332K, capacity 4970K, committed 5120K, reserved 1056768K
  class space    used 106K, capacity 501K, committed 512K, reserved 1048576K
}
Event: 155.895 GC heap after
{Heap after GC invocations=32 (full 0):
 garbage-first heap   total 416768K, used 182065K [0x0000000085600000, 0x0000000100000000)
  region size 1024K, 3 young (3072K), 3 survivors (3072K)
 Metaspace       used 1332K, capacity 4970K, committed 5120K, reserved 1056768K
  class space    used 106K, capacity 501K, committed 512K, reserved 1048576K
}
Event: 161.289 GC heap before
{Heap before GC invocations=32 (full 0):
 garbage-first heap   total 416768K, used 346929K [0x0000000085600000, 0x0000000100000000)
  region size 1024K, 164 young (167936K), 3 survivors (3072K)
 Metaspace       used 1335K, capacity 4970K, committed 5120K, reserved 1056768K
  class space    used 106K, capacity 501K, committed 512K, reserved 1048576K
}
Event: 161.341 GC heap after
{Heap after GC invocations=33 (full 0):
 garbage-first heap   total 416768K, used 191219K [0x0000000085600000, 0x0000000100000000)
  region size 1024K, 12 young (12288K), 12 survivors (12288K)
 Metaspace       used 1335K, capacity 4970K, committed 5120K, reserved 1056768K
  class space    used 106K, capacity 501K, committed 512K, reserved 1048576K
}
Event: 165.643 GC heap before
{Heap before GC invocations=33 (full 0):
 garbage-first heap   total 416768K, used 347891K [0x0000000085600000, 0x0000000100000000)
  region size 1024K, 165 young (168960K), 12 survivors (12288K)
 Metaspace       used 1335K, capacity 4970K, committed 5120K, reserved 1056768K
  class space    used 106K, capacity 501K, committed 512K, reserved 1048576K
}
Event: 165.673 GC heap after
{Heap after GC invocations=34 (full 0):
 garbage-first heap   total 416768K, used 200608K [0x0000000085600000, 0x0000000100000000)
  region size 1024K, 12 young (12288K), 12 survivors (12288K)
 Metaspace       used 1335K, capacity 4970K, committed 5120K, reserved 1056768K
  class space    used 106K, capacity 501K, committed 512K, reserved 1048576K
}
Event: 170.618 GC heap before
{Heap before GC invocations=34 (full 0):
 garbage-first heap   total 416768K, used 349088K [0x0000000085600000, 0x0000000100000000)
  region size 1024K, 157 young (160768K), 12 survivors (12288K)
 Metaspace       used 1335K, capacity 4970K, committed 5120K, reserved 1056768K
  class space    used 106K, capacity 501K, committed 512K, reserved 1048576K
}
Event: 170.725 GC heap after
{Heap after GC invocations=35 (full 0):
 garbage-first heap   total 416768K, used 208949K [0x0000000085600000, 0x0000000100000000)
  region size 1024K, 11 young (11264K), 11 survivors (11264K)
 Metaspace       used 1335K, capacity 4970K, committed 5120K, reserved 1056768K
  class space    used 106K, capacity 501K, committed 512K, reserved 1048576K
}
Event: 179.716 GC heap before
{Heap before GC invocations=36 (full 0):
 garbage-first heap   total 416768K, used 345141K [0x0000000085600000, 0x0000000100000000)
  region size 1024K, 149 young (152576K), 11 survivors (11264K)
 Metaspace       used 1335K, capacity 4970K, committed 5120K, reserved 1056768K
  class space    used 106K, capacity 501K, committed 512K, reserved 1048576K
}
Event: 180.085 GC heap after
{Heap after GC invocations=37 (full 0):
 garbage-first heap   total 416768K, used 208347K [0x0000000085600000, 0x0000000100000000)
  region size 1024K, 9 young (9216K), 9 survivors (9216K)
 Metaspace       used 1335K, capacity 4970K, committed 5120K, reserved 1056768K
  class space    used 106K, capacity 501K, committed 512K, reserved 1048576K
}
Event: 181.919 GC heap before
{Heap before GC invocations=37 (full 0):
 garbage-first heap   total 416768K, used 219611K [0x0000000085600000, 0x0000000100000000)
  region size 1024K, 20 young (20480K), 9 survivors (9216K)
 Metaspace       used 1335K, capacity 4970K, committed 5120K, reserved 1056768K
  class space    used 106K, capacity 501K, committed 512K, reserved 1048576K
}
Event: 182.330 GC heap after
{Heap after GC invocations=38 (full 0):
 garbage-first heap   total 416768K, used 197796K [0x0000000085600000, 0x0000000100000000)
  region size 1024K, 3 young (3072K), 3 survivors (3072K)
 Metaspace       used 1335K, capacity 4970K, committed 5120K, reserved 1056768K
  class space    used 106K, capacity 501K, committed 512K, reserved 1048576K
}
Event: 201.011 GC heap before
{Heap before GC invocations=38 (full 0):
 garbage-first heap   total 416768K, used 345252K [0x0000000085600000, 0x0000000100000000)
  region size 1024K, 147 young (150528K), 3 survivors (3072K)
 Metaspace       used 1335K, capacity 4970K, committed 5120K, reserved 1056768K
  class space    used 106K, capacity 501K, committed 512K, reserved 1048576K
}
Event: 201.531 GC heap after
{Heap after GC invocations=39 (full 0):
 garbage-first heap   total 416768K, used 205277K [0x0000000085600000, 0x0000000100000000)
  region size 1024K, 11 young (11264K), 11 survivors (11264K)
 Metaspace       used 1335K, capacity 4970K, committed 5120K, reserved 1056768K
  class space    used 106K, capacity 501K, committed 512K, reserved 1048576K
}
Event: 225.403 GC heap before
{Heap before GC invocations=40 (full 0):
 garbage-first heap   total 416768K, used 347613K [0x0000000085600000, 0x0000000100000000)
  region size 1024K, 150 young (153600K), 11 survivors (11264K)
 Metaspace       used 1335K, capacity 4970K, committed 5120K, reserved 1056768K
  class space    used 106K, capacity 501K, committed 512K, reserved 1048576K
}
Event: 226.000 GC heap after
{Heap after GC invocations=41 (full 0):
 garbage-first heap   total 416768K, used 210489K [0x0000000085600000, 0x0000000100000000)
  region size 1024K, 15 young (15360K), 15 survivors (15360K)
 Metaspace       used 1335K, capacity 4970K, committed 5120K, reserved 1056768K
  class space    used 106K, capacity 501K, committed 512K, reserved 1048576K
}
Event: 227.032 GC heap before
{Heap before GC invocations=41 (full 0):
 garbage-first heap   total 416768K, used 215609K [0x0000000085600000, 0x0000000100000000)
  region size 1024K, 20 young (20480K), 15 survivors (15360K)
 Metaspace       used 1335K, capacity 4970K, committed 5120K, reserved 1056768K
  class space    used 106K, capacity 501K, committed 512K, reserved 1048576K
}
Event: 227.997 GC heap after
{Heap after GC invocations=42 (full 0):
 garbage-first heap   total 416768K, used 209137K [0x0000000085600000, 0x0000000100000000)
  region size 1024K, 3 young (3072K), 3 survivors (3072K)
 Metaspace       used 1335K, capacity 4970K, committed 5120K, reserved 1056768K
  class space    used 106K, capacity 501K, committed 512K, reserved 1048576K
}
Event: 235.701 GC heap before
{Heap before GC invocations=42 (full 0):
 garbage-first heap   total 416768K, used 226545K [0x0000000085600000, 0x0000000100000000)
  region size 1024K, 20 young (20480K), 3 survivors (3072K)
 Metaspace       used 1335K, capacity 4970K, committed 5120K, reserved 1056768K
  class space    used 106K, capacity 501K, committed 512K, reserved 1048576K
}

