# JRE version: OpenJDK Runtime Environment (11.0.4+11) (build 11.0.4+11-post-Ubuntu-1ubuntu218.04.3)
# Java VM: OpenJDK 64-Bit Server VM (11.0.4+11-post-Ubuntu-1ubuntu218.04.3, mixed mode, tiered, compressed oops, g1 gc, linux-amd64)
Heap:
 garbage-first heap   total 354304K, used 4362K [0x0000000085600000, 0x0000000100000000)
  region size 1024K, 5 young (5120K), 5 survivors (5120K)
 Metaspace       used 6460K, capacity 6631K, committed 6784K, reserved 1056768K
  class space    used 545K, capacity 610K, committed 640K, reserved 1048576K
GC Heap History (10 events):
Event: 0.944 GC heap after
{Heap after GC invocations=4 (full 0):
 garbage-first heap   total 126976K, used 4096K [0x0000000085600000, 0x0000000100000000)
  region size 1024K, 4 young (4096K), 4 survivors (4096K)
 Metaspace       used 6452K, capacity 6631K, committed 6784K, reserved 1056768K
  class space    used 545K, capacity 610K, committed 640K, reserved 1048576K
}
Event: 1.058 GC heap before
{Heap before GC invocations=4 (full 0):
 garbage-first heap   total 126976K, used 75776K [0x0000000085600000, 0x0000000100000000)
  region size 1024K, 74 young (75776K), 4 survivors (4096K)
 Metaspace       used 6452K, capacity 6631K, committed 6784K, reserved 1056768K
  class space    used 545K, capacity 610K, committed 640K, reserved 1048576K
}
Event: 1.180 GC heap after
{Heap after GC invocations=5 (full 0):
 garbage-first heap   total 154624K, used 4096K [0x0000000085600000, 0x0000000100000000)
  region size 1024K, 4 young (4096K), 4 survivors (4096K)
 Metaspace       used 6452K, capacity 6631K, committed 6784K, reserved 1056768K
  class space    used 545K, capacity 610K, committed 640K, reserved 1048576K
}
Event: 1.414 GC heap before
{Heap before GC invocations=5 (full 0):
 garbage-first heap   total 154624K, used 92160K [0x0000000085600000, 0x0000000100000000)
  region size 1024K, 90 young (92160K), 4 survivors (4096K)
 Metaspace       used 6460K, capacity 6631K, committed 6784K, reserved 1056768K
  class space    used 545K, capacity 610K, committed 640K, reserved 1048576K
}
Event: 1.489 GC heap after
{Heap after GC invocations=6 (full 0):
 garbage-first heap   total 154624K, used 4096K [0x0000000085600000, 0x0000000100000000)
  region size 1024K, 4 young (4096K), 4 survivors (4096K)
 Metaspace       used 6460K, capacity 6631K, committed 6784K, reserved 1056768K
  class space    used 545K, capacity 610K, committed 640K, reserved 1048576K
}
Event: 1.638 GC heap before
{Heap before GC invocations=6 (full 0):
 garbage-first heap   total 154624K, used 92160K [0x0000000085600000, 0x0000000100000000)
  region size 1024K, 90 young (92160K), 4 survivors (4096K)
 Metaspace       used 6460K, capacity 6631K, committed 6784K, reserved 1056768K
  class space    used 545K, capacity 610K, committed 640K, reserved 1048576K
}
Event: 1.643 GC heap after
{Heap after GC invocations=7 (full 0):
 garbage-first heap   total 154624K, used 4351K [0x0000000085600000, 0x0000000100000000)
  region size 1024K, 5 young (5120K), 5 survivors (5120K)
 Metaspace       used 6460K, capacity 6631K, committed 6784K, reserved 1056768K
  class space    used 545K, capacity 610K, committed 640K, reserved 1048576K
}
Event: 1.841 GC heap before
{Heap before GC invocations=7 (full 0):
 garbage-first heap   total 154624K, used 91391K [0x0000000085600000, 0x0000000100000000)
  region size 1024K, 90 young (92160K), 5 survivors (5120K)
 Metaspace       used 6460K, capacity 6631K, committed 6784K, reserved 1056768K
  class space    used 545K, capacity 610K, committed 640K, reserved 1048576K
}
Event: 1.845 GC heap after
{Heap after GC invocations=8 (full 0):
 garbage-first heap   total 154624K, used 4353K [0x0000000085600000, 0x0000000100000000)
  region size 1024K, 5 young (5120K), 5 survivors (5120K)
 Metaspace       used 6460K, capacity 6631K, committed 6784K, reserved 1056768K
  class space    used 545K, capacity 610K, committed 640K, reserved 1048576K
}
Event: 2.059 GC heap before
{Heap before GC invocations=8 (full 0):
 garbage-first heap   total 154624K, used 91393K [0x0000000085600000, 0x0000000100000000)
  region size 1024K, 90 young (92160K), 5 survivors (5120K)
 Metaspace       used 6460K, capacity 6631K, committed 6784K, reserved 1056768K
  class space    used 545K, capacity 610K, committed 640K, reserved 1048576K
}

